#
# There is insufficient memory for the Java Runtime Environment to continue.
# Native memory allocation (malloc) failed to allocate 2097152 bytes for AllocateHeap
# Possible reasons:
#   The system is out of physical RAM or swap space
#   The process is running with CompressedOops enabled, and the Java Heap may be blocking the growth of the native heap
# Possible solutions:
#   Reduce memory load on the system
#   Increase physical memory or swap space
#   Check if swap backing store is full
#   Decrease Java heap size (-Xmx/-Xms)
#   Decrease number of Java threads
#   Decrease Java thread stack sizes (-Xss)
#   Set larger code cache with -XX:ReservedCodeCacheSize=
#   JVM is running with Unscaled Compressed Oops mode in which the Java heap is
#     placed in the first 4GB address space. The Java Heap base address is the
#     maximum limit for the native heap growth. Please use -XX:HeapBaseMinAddress
#     to set the Java Heap base and to place the Java Heap above 4GB virtual address.
# This output file may be truncated or incomplete.
#
#  Out of Memory Error (allocation.cpp:44), pid=14412, tid=11996
#
# JRE version: OpenJDK Runtime Environment Temurin-17.0.8.1+1 (17.0.8.1+1) (build 17.0.8.1+1)
# Java VM: OpenJDK 64-Bit Server VM Temurin-17.0.8.1+1 (17.0.8.1+1, mixed mode, emulated-client, tiered, compressed oops, compressed class ptrs, g1 gc, windows-amd64)
# No core dump will be written. Minidumps are not enabled by default on client versions of Windows
#

---------------  S U M M A R Y ------------

Command Line: -XX:+HeapDumpOnOutOfMemoryError -Xmx1024m -Dsts.lsp.client=vscode -Dsts.log.file=/dev/null -XX:TieredStopAtLevel=1 -Xlog:jni+resolve=off -Dspring.config.location=file:c:\Users\Ahmed Iftekher\.vscode\extensions\vmware.vscode-spring-boot-1.49.0\language-server\BOOT-INF\classes\application.properties org.springframework.ide.vscode.boot.app.BootLanguageServerBootApp

Host: Intel(R) Core(TM) i7-1065G7 CPU @ 1.30GHz, 8 cores, 7G,  Windows 10 , 64 bit Build 19041 (10.0.19041.3393)
Time: Wed Sep 20 03:45:03 2023 Bangladesh Standard Time elapsed time: 5120.636901 seconds (0d 1h 25m 20s)

---------------  T H R E A D  ---------------

Current thread (0x000001bc286ee030):  VMThread "VM Thread" [stack: 0x0000000aeaf00000,0x0000000aeb000000] [id=11996]

Stack: [0x0000000aeaf00000,0x0000000aeb000000]
Native frames: (J=compiled Java code, j=interpreted, Vv=VM code, C=native code)
V  [jvm.dll+0x678b0a]
V  [jvm.dll+0x835e84]
V  [jvm.dll+0x83762e]
V  [jvm.dll+0x837c93]
V  [jvm.dll+0x24746f]
V  [jvm.dll+0xa697b]
V  [jvm.dll+0x2f7f41]
V  [jvm.dll+0x2f3b80]
V  [jvm.dll+0x2dc1c7]
V  [jvm.dll+0x31f227]
V  [jvm.dll+0x83c15b]
V  [jvm.dll+0x83ce94]
V  [jvm.dll+0x83d3ac]
V  [jvm.dll+0x83d784]
V  [jvm.dll+0x83d850]
V  [jvm.dll+0x7e64ca]
V  [jvm.dll+0x677955]
C  [ucrtbase.dll+0x21bb2]
C  [KERNEL32.DLL+0x17344]
C  [ntdll.dll+0x526b1]

VM_Operation (0x0000000aec7feb80): G1CollectFull, mode: safepoint, requested by thread 0x000001bc2e1ff590


---------------  P R O C E S S  ---------------

Threads class SMR info:
_java_thread_list=0x000001bc371e8000, length=22, elements={
0x000001bc28712740, 0x000001bc28713150, 0x000001bc288695c0, 0x000001bc28869e90,
0x000001bc2886a760, 0x000001bc2886b030, 0x000001bc2886b900, 0x000001bc2873ee60,
0x000001bc28a7e010, 0x000001bc28a676e0, 0x000001bc2e1b0da0, 0x000001bc2e1ff590,
0x000001bc2e21b730, 0x000001bc1b945a90, 0x000001bc2e3c7020, 0x000001bc2e3e6cc0,
0x000001bc2e3e39f0, 0x000001bc2e3e3f00, 0x000001bc2e3e4920, 0x000001bc2e3e4e30,
0x000001bc2e3e34e0, 0x000001bc371fb840
}

Java Threads: ( => current thread )
  0x000001bc28712740 JavaThread "Reference Handler" daemon [_thread_blocked, id=15056, stack(0x0000000aeb000000,0x0000000aeb100000)]
  0x000001bc28713150 JavaThread "Finalizer" daemon [_thread_blocked, id=3416, stack(0x0000000aeb100000,0x0000000aeb200000)]
  0x000001bc288695c0 JavaThread "Signal Dispatcher" daemon [_thread_blocked, id=13908, stack(0x0000000aeb200000,0x0000000aeb300000)]
  0x000001bc28869e90 JavaThread "Attach Listener" daemon [_thread_blocked, id=15088, stack(0x0000000aeb300000,0x0000000aeb400000)]
  0x000001bc2886a760 JavaThread "Service Thread" daemon [_thread_blocked, id=13120, stack(0x0000000aeb400000,0x0000000aeb500000)]
  0x000001bc2886b030 JavaThread "Monitor Deflation Thread" daemon [_thread_blocked, id=14964, stack(0x0000000aeb500000,0x0000000aeb600000)]
  0x000001bc2886b900 JavaThread "C1 CompilerThread0" daemon [_thread_blocked, id=15112, stack(0x0000000aeb600000,0x0000000aeb700000)]
  0x000001bc2873ee60 JavaThread "Sweeper thread" daemon [_thread_blocked, id=13984, stack(0x0000000aeb700000,0x0000000aeb800000)]
  0x000001bc28a7e010 JavaThread "Notification Thread" daemon [_thread_blocked, id=16372, stack(0x0000000aeba00000,0x0000000aebb00000)]
  0x000001bc28a676e0 JavaThread "Common-Cleaner" daemon [_thread_blocked, id=15952, stack(0x0000000aebc00000,0x0000000aebd00000)]
  0x000001bc2e1b0da0 JavaThread "boundedElastic-evictor-1" daemon [_thread_blocked, id=11868, stack(0x0000000aec500000,0x0000000aec600000)]
  0x000001bc2e1ff590 JavaThread "pool-11-thread-1" [_thread_blocked, id=32, stack(0x0000000aec700000,0x0000000aec800000)]
  0x000001bc2e21b730 JavaThread "LanguageServerApp-lifecycle" [_thread_blocked, id=15312, stack(0x0000000aec800000,0x0000000aec900000)]
  0x000001bc1b945a90 JavaThread "DestroyJavaVM" [_thread_blocked, id=5320, stack(0x0000000aea900000,0x0000000aeaa00000)]
  0x000001bc2e3c7020 JavaThread "pool-12-thread-1" [_thread_in_native, id=12128, stack(0x0000000aec900000,0x0000000aeca00000)]
  0x000001bc2e3e6cc0 JavaThread "Simple-Language-Server main thread" daemon [_thread_blocked, id=9560, stack(0x0000000aeca00000,0x0000000aecb00000)]
  0x000001bc2e3e39f0 JavaThread "parallel-1" daemon [_thread_blocked, id=14032, stack(0x0000000aece00000,0x0000000aecf00000)]
  0x000001bc2e3e3f00 JavaThread "pool-5-thread-1" [_thread_blocked, id=3740, stack(0x0000000aecf00000,0x0000000aed000000)]
  0x000001bc2e3e4920 JavaThread "parallel-2" daemon [_thread_blocked, id=14184, stack(0x0000000aed000000,0x0000000aed100000)]
  0x000001bc2e3e4e30 JavaThread "pool-7-thread-1" [_thread_blocked, id=13960, stack(0x0000000aea700000,0x0000000aea800000)]
  0x000001bc2e3e34e0 JavaThread "parallel-3" daemon [_thread_blocked, id=5576, stack(0x0000000aea800000,0x0000000aea900000)]
  0x000001bc371fb840 JavaThread "Reconciler-1" daemon [_thread_blocked, id=11744, stack(0x0000000aecd00000,0x0000000aece00000)]

Other Threads:
=>0x000001bc286ee030 VMThread "VM Thread" [stack: 0x0000000aeaf00000,0x0000000aeb000000] [id=11996]
  0x000001bc28a7e4f0 WatcherThread [stack: 0x0000000aebb00000,0x0000000aebc00000] [id=2932]
  0x000001bc1b983cb0 GCTaskThread "GC Thread#0" [stack: 0x0000000aeaa00000,0x0000000aeab00000] [id=1648]
  0x000001bc2d811480 GCTaskThread "GC Thread#1" [stack: 0x0000000aebe00000,0x0000000aebf00000] [id=15596]
  0x000001bc2d811740 GCTaskThread "GC Thread#2" [stack: 0x0000000aebf00000,0x0000000aec000000] [id=12976]
  0x000001bc2d87ba40 GCTaskThread "GC Thread#3" [stack: 0x0000000aec000000,0x0000000aec100000] [id=12100]
  0x000001bc2dab1e00 GCTaskThread "GC Thread#4" [stack: 0x0000000aec100000,0x0000000aec200000] [id=12008]
  0x000001bc2dab20c0 GCTaskThread "GC Thread#5" [stack: 0x0000000aec200000,0x0000000aec300000] [id=4632]
  0x000001bc2dab2da0 GCTaskThread "GC Thread#6" [stack: 0x0000000aec300000,0x0000000aec400000] [id=15340]
  0x000001bc2dab3470 GCTaskThread "GC Thread#7" [stack: 0x0000000aec400000,0x0000000aec500000] [id=8632]
  0x000001bc1b98cb10 ConcurrentGCThread "G1 Main Marker" [stack: 0x0000000aeab00000,0x0000000aeac00000] [id=768]
  0x000001bc1b98d430 ConcurrentGCThread "G1 Conc#0" [stack: 0x0000000aeac00000,0x0000000aead00000] [id=3480]
  0x000001bc2dd1e740 ConcurrentGCThread "G1 Conc#1" [stack: 0x0000000aec600000,0x0000000aec700000] [id=2164]
  0x000001bc285700a0 ConcurrentGCThread "G1 Refine#0" [stack: 0x0000000aead00000,0x0000000aeae00000] [id=7056]
  0x000001bc285709e0 ConcurrentGCThread "G1 Service" [stack: 0x0000000aeae00000,0x0000000aeaf00000] [id=7928]

Threads with active compile tasks:

VM state: at safepoint (normal execution)

VM Mutex/Monitor currently owned by a thread:  ([mutex/lock_event])
[0x000001bc1b79d9e0] Threads_lock - owner thread: 0x000001bc286ee030
[0x000001bc1b943300] Heap_lock - owner thread: 0x000001bc2e1ff590

Heap address: 0x00000000c0000000, size: 1024 MB, Compressed Oops mode: 32-bit

CDS archive(s) not mapped
Compressed class space mapped at: 0x0000000100000000-0x0000000140000000, reserved size: 1073741824
Narrow klass base: 0x0000000000000000, Narrow klass shift: 3, Narrow klass range: 0x140000000

GC Precious Log:
 CPUs: 8 total, 8 available
 Memory: 7959M
 Large Page Support: Disabled
 NUMA Support: Disabled
 Compressed Oops: Enabled (32-bit)
 Heap Region Size: 1M
 Heap Min Capacity: 8M
 Heap Initial Capacity: 126M
 Heap Max Capacity: 1G
 Pre-touch: Disabled
 Parallel Workers: 8
 Concurrent Workers: 2
 Concurrent Refinement Workers: 8
 Periodic GC: Disabled

Heap:
 garbage-first heap   total 73728K, used 25343K [0x00000000c0000000, 0x0000000100000000)
  region size 1024K, 1 young (1024K), 0 survivors (0K)
 Metaspace       used 55828K, committed 56256K, reserved 1114112K
  class space    used 7115K, committed 7296K, reserved 1048576K

Heap Regions: E=young(eden), S=young(survivor), O=old, HS=humongous(starts), HC=humongous(continues), CS=collection set, F=free, OA=open archive, CA=closed archive, TAMS=top-at-mark-start (previous, next)
|   0|0x00000000c0000000, 0x00000000c00fec90, 0x00000000c0100000| 99%| O|  |TAMS 0x00000000c00fec90, 0x00000000c0000000| Untracked 
|   1|0x00000000c0100000, 0x00000000c01fdcf0, 0x00000000c0200000| 99%| O|  |TAMS 0x00000000c01fdcf0, 0x00000000c0100000| Untracked 
|   2|0x00000000c0200000, 0x00000000c0300000, 0x00000000c0300000|100%| O|  |TAMS 0x00000000c0300000, 0x00000000c0200000| Untracked 
|   3|0x00000000c0300000, 0x00000000c03ffff8, 0x00000000c0400000| 99%| O|  |TAMS 0x00000000c03ffff8, 0x00000000c0300000| Untracked 
|   4|0x00000000c0400000, 0x00000000c0500000, 0x00000000c0500000|100%| O|  |TAMS 0x00000000c0500000, 0x00000000c0400000| Untracked 
|   5|0x00000000c0500000, 0x00000000c05fed70, 0x00000000c0600000| 99%| O|  |TAMS 0x00000000c05fed70, 0x00000000c0500000| Untracked 
|   6|0x00000000c0600000, 0x00000000c06ff850, 0x00000000c0700000| 99%| O|  |TAMS 0x00000000c06ff850, 0x00000000c0600000| Untracked 
|   7|0x00000000c0700000, 0x00000000c0800000, 0x00000000c0800000|100%| O|  |TAMS 0x00000000c0800000, 0x00000000c0700000| Untracked 
|   8|0x00000000c0800000, 0x00000000c08fff60, 0x00000000c0900000| 99%| O|  |TAMS 0x00000000c08fff60, 0x00000000c0800000| Untracked 
|   9|0x00000000c0900000, 0x00000000c09fffd8, 0x00000000c0a00000| 99%| O|  |TAMS 0x00000000c09fffd8, 0x00000000c0900000| Untracked 
|  10|0x00000000c0a00000, 0x00000000c0affff0, 0x00000000c0b00000| 99%| O|  |TAMS 0x00000000c0affff0, 0x00000000c0a00000| Untracked 
|  11|0x00000000c0b00000, 0x00000000c0bffff8, 0x00000000c0c00000| 99%| O|  |TAMS 0x00000000c0bffff8, 0x00000000c0b00000| Untracked 
|  12|0x00000000c0c00000, 0x00000000c0cfffe0, 0x00000000c0d00000| 99%| O|  |TAMS 0x00000000c0cfffe0, 0x00000000c0c00000| Untracked 
|  13|0x00000000c0d00000, 0x00000000c0e00000, 0x00000000c0e00000|100%| O|  |TAMS 0x00000000c0e00000, 0x00000000c0d00000| Untracked 
|  14|0x00000000c0e00000, 0x00000000c0effff8, 0x00000000c0f00000| 99%| O|  |TAMS 0x00000000c0effff8, 0x00000000c0e00000| Untracked 
|  15|0x00000000c0f00000, 0x00000000c0fffff0, 0x00000000c1000000| 99%| O|  |TAMS 0x00000000c0fffff0, 0x00000000c0f00000| Untracked 
|  16|0x00000000c1000000, 0x00000000c10ffff0, 0x00000000c1100000| 99%| O|  |TAMS 0x00000000c10ffff0, 0x00000000c1000000| Untracked 
|  17|0x00000000c1100000, 0x00000000c11f9508, 0x00000000c1200000| 97%| O|  |TAMS 0x00000000c11f9508, 0x00000000c1100000| Untracked 
|  18|0x00000000c1200000, 0x00000000c12ffff8, 0x00000000c1300000| 99%| O|  |TAMS 0x00000000c1200000, 0x00000000c1200000| Untracked 
|  19|0x00000000c1300000, 0x00000000c13ffff0, 0x00000000c1400000| 99%| O|  |TAMS 0x00000000c13ffff0, 0x00000000c1300000| Untracked 
|  20|0x00000000c1400000, 0x00000000c14fff78, 0x00000000c1500000| 99%| O|  |TAMS 0x00000000c14fff78, 0x00000000c1400000| Untracked 
|  21|0x00000000c1500000, 0x00000000c15fffe0, 0x00000000c1600000| 99%| O|  |TAMS 0x00000000c15fffe0, 0x00000000c1500000| Untracked 
|  22|0x00000000c1600000, 0x00000000c16b5490, 0x00000000c1700000| 70%| O|  |TAMS 0x00000000c1600000, 0x00000000c1600000| Untracked 
|  23|0x00000000c1700000, 0x00000000c17d79f0, 0x00000000c1800000| 84%| O|  |TAMS 0x00000000c1700000, 0x00000000c1700000| Untracked 
|  24|0x00000000c1800000, 0x00000000c18fffe0, 0x00000000c1900000| 99%| O|  |TAMS 0x00000000c18fffe0, 0x00000000c1800000| Untracked 
|  25|0x00000000c1900000, 0x00000000c1900000, 0x00000000c1a00000|  0%| F|  |TAMS 0x00000000c1900000, 0x00000000c1900000| Untracked 
|  26|0x00000000c1a00000, 0x00000000c1a00000, 0x00000000c1b00000|  0%| F|  |TAMS 0x00000000c1a00000, 0x00000000c1a00000| Untracked 
|  27|0x00000000c1b00000, 0x00000000c1b00000, 0x00000000c1c00000|  0%| F|  |TAMS 0x00000000c1b00000, 0x00000000c1b00000| Untracked 
|  28|0x00000000c1c00000, 0x00000000c1c00000, 0x00000000c1d00000|  0%| F|  |TAMS 0x00000000c1c00000, 0x00000000c1c00000| Untracked 
|  29|0x00000000c1d00000, 0x00000000c1d00000, 0x00000000c1e00000|  0%| F|  |TAMS 0x00000000c1d00000, 0x00000000c1d00000| Untracked 
|  30|0x00000000c1e00000, 0x00000000c1e3eee8, 0x00000000c1f00000| 24%| O|  |TAMS 0x00000000c1e00000, 0x00000000c1e00000| Untracked 
|  31|0x00000000c1f00000, 0x00000000c1f00000, 0x00000000c2000000|  0%| F|  |TAMS 0x00000000c1f00000, 0x00000000c1f00000| Untracked 
|  32|0x00000000c2000000, 0x00000000c2000000, 0x00000000c2100000|  0%| F|  |TAMS 0x00000000c2000000, 0x00000000c2000000| Untracked 
|  33|0x00000000c2100000, 0x00000000c2100000, 0x00000000c2200000|  0%| F|  |TAMS 0x00000000c2100000, 0x00000000c2100000| Untracked 
|  34|0x00000000c2200000, 0x00000000c2200000, 0x00000000c2300000|  0%| F|  |TAMS 0x00000000c2200000, 0x00000000c2200000| Untracked 
|  35|0x00000000c2300000, 0x00000000c2300000, 0x00000000c2400000|  0%| F|  |TAMS 0x00000000c2300000, 0x00000000c2300000| Untracked 
|  36|0x00000000c2400000, 0x00000000c2400000, 0x00000000c2500000|  0%| F|  |TAMS 0x00000000c2400000, 0x00000000c2400000| Untracked 
|  37|0x00000000c2500000, 0x00000000c2500000, 0x00000000c2600000|  0%| F|  |TAMS 0x00000000c2500000, 0x00000000c2500000| Untracked 
|  38|0x00000000c2600000, 0x00000000c2600000, 0x00000000c2700000|  0%| F|  |TAMS 0x00000000c2600000, 0x00000000c2600000| Untracked 
|  39|0x00000000c2700000, 0x00000000c2700000, 0x00000000c2800000|  0%| F|  |TAMS 0x00000000c2700000, 0x00000000c2700000| Untracked 
|  40|0x00000000c2800000, 0x00000000c2800000, 0x00000000c2900000|  0%| F|  |TAMS 0x00000000c2800000, 0x00000000c2800000| Untracked 
|  41|0x00000000c2900000, 0x00000000c2900000, 0x00000000c2a00000|  0%| F|  |TAMS 0x00000000c2900000, 0x00000000c2900000| Untracked 
|  42|0x00000000c2a00000, 0x00000000c2a00000, 0x00000000c2b00000|  0%| F|  |TAMS 0x00000000c2a00000, 0x00000000c2a00000| Untracked 
|  43|0x00000000c2b00000, 0x00000000c2b00000, 0x00000000c2c00000|  0%| F|  |TAMS 0x00000000c2b00000, 0x00000000c2b00000| Untracked 
|  44|0x00000000c2c00000, 0x00000000c2c00000, 0x00000000c2d00000|  0%| F|  |TAMS 0x00000000c2c00000, 0x00000000c2c00000| Untracked 
|  45|0x00000000c2d00000, 0x00000000c2d00000, 0x00000000c2e00000|  0%| F|  |TAMS 0x00000000c2d00000, 0x00000000c2d00000| Untracked 
|  46|0x00000000c2e00000, 0x00000000c2e00000, 0x00000000c2f00000|  0%| F|  |TAMS 0x00000000c2e00000, 0x00000000c2e00000| Untracked 
|  47|0x00000000c2f00000, 0x00000000c2f00000, 0x00000000c3000000|  0%| F|  |TAMS 0x00000000c2f00000, 0x00000000c2f00000| Untracked 
|  48|0x00000000c3000000, 0x00000000c3000000, 0x00000000c3100000|  0%| F|  |TAMS 0x00000000c3000000, 0x00000000c3000000| Untracked 
|  49|0x00000000c3100000, 0x00000000c3100000, 0x00000000c3200000|  0%| F|  |TAMS 0x00000000c3100000, 0x00000000c3100000| Untracked 
|  50|0x00000000c3200000, 0x00000000c3200000, 0x00000000c3300000|  0%| F|  |TAMS 0x00000000c3200000, 0x00000000c3200000| Untracked 
|  51|0x00000000c3300000, 0x00000000c3300000, 0x00000000c3400000|  0%| F|  |TAMS 0x00000000c3300000, 0x00000000c3300000| Untracked 
|  52|0x00000000c3400000, 0x00000000c3400000, 0x00000000c3500000|  0%| F|  |TAMS 0x00000000c3400000, 0x00000000c3400000| Untracked 
|  53|0x00000000c3500000, 0x00000000c3500000, 0x00000000c3600000|  0%| F|  |TAMS 0x00000000c3500000, 0x00000000c3500000| Untracked 
|  54|0x00000000c3600000, 0x00000000c3600000, 0x00000000c3700000|  0%| F|  |TAMS 0x00000000c3600000, 0x00000000c3600000| Untracked 
|  55|0x00000000c3700000, 0x00000000c3700000, 0x00000000c3800000|  0%| F|  |TAMS 0x00000000c3700000, 0x00000000c3700000| Untracked 
|  56|0x00000000c3800000, 0x00000000c3800000, 0x00000000c3900000|  0%| F|  |TAMS 0x00000000c3800000, 0x00000000c3800000| Untracked 
|  57|0x00000000c3900000, 0x00000000c3900000, 0x00000000c3a00000|  0%| F|  |TAMS 0x00000000c3900000, 0x00000000c3900000| Untracked 
|  58|0x00000000c3a00000, 0x00000000c3a00000, 0x00000000c3b00000|  0%| F|  |TAMS 0x00000000c3a00000, 0x00000000c3a00000| Untracked 
|  59|0x00000000c3b00000, 0x00000000c3b00000, 0x00000000c3c00000|  0%| F|  |TAMS 0x00000000c3b00000, 0x00000000c3b00000| Untracked 
|  60|0x00000000c3c00000, 0x00000000c3c00000, 0x00000000c3d00000|  0%| F|  |TAMS 0x00000000c3c00000, 0x00000000c3c00000| Untracked 
|  61|0x00000000c3d00000, 0x00000000c3d00000, 0x00000000c3e00000|  0%| F|  |TAMS 0x00000000c3d00000, 0x00000000c3d00000| Untracked 
|  62|0x00000000c3e00000, 0x00000000c3e00000, 0x00000000c3f00000|  0%| F|  |TAMS 0x00000000c3e00000, 0x00000000c3e00000| Untracked 
|  63|0x00000000c3f00000, 0x00000000c3f00000, 0x00000000c4000000|  0%| F|  |TAMS 0x00000000c3f00000, 0x00000000c3f00000| Untracked 
|  64|0x00000000c4000000, 0x00000000c4000000, 0x00000000c4100000|  0%| F|  |TAMS 0x00000000c4000000, 0x00000000c4000000| Untracked 
|  65|0x00000000c4100000, 0x00000000c4100000, 0x00000000c4200000|  0%| F|  |TAMS 0x00000000c4100000, 0x00000000c4100000| Untracked 
|  92|0x00000000c5c00000, 0x00000000c5c00000, 0x00000000c5d00000|  0%| F|  |TAMS 0x00000000c5c00000, 0x00000000c5c00000| Untracked 
|  93|0x00000000c5d00000, 0x00000000c5d00000, 0x00000000c5e00000|  0%| F|  |TAMS 0x00000000c5d00000, 0x00000000c5d00000| Untracked 
|  94|0x00000000c5e00000, 0x00000000c5e00000, 0x00000000c5f00000|  0%| F|  |TAMS 0x00000000c5e00000, 0x00000000c5e00000| Untracked 
|  95|0x00000000c5f00000, 0x00000000c5f00000, 0x00000000c6000000|  0%| F|  |TAMS 0x00000000c5f00000, 0x00000000c5f00000| Untracked 
|  96|0x00000000c6000000, 0x00000000c6000000, 0x00000000c6100000|  0%| F|  |TAMS 0x00000000c6000000, 0x00000000c6000000| Untracked 
| 125|0x00000000c7d00000, 0x00000000c7d0e6e8, 0x00000000c7e00000|  5%| E|  |TAMS 0x00000000c7d00000, 0x00000000c7d00000| Complete 

Card table byte_map: [0x000001bc23870000,0x000001bc23a70000] _byte_map_base: 0x000001bc23270000

Marking Bits (Prev, Next): (CMBitMap*) 0x000001bc1b9841e0, (CMBitMap*) 0x000001bc1b984220
 Prev Bits: [0x000001bc23c70000, 0x000001bc24c70000)
 Next Bits: [0x000001bc24c70000, 0x000001bc25c70000)

Polling page: 0x000001bc1ba00000

Metaspace:

Usage:
  Non-class:     47.57 MB used.
      Class:      6.95 MB used.
       Both:     54.52 MB used.

Virtual space:
  Non-class space:       64.00 MB reserved,      47.81 MB ( 75%) committed,  1 nodes.
      Class space:        1.00 GB reserved,       7.12 MB ( <1%) committed,  1 nodes.
             Both:        1.06 GB reserved,      54.94 MB (  5%) committed. 

Chunk freelists:
   Non-Class:  189.00 KB
       Class:  8.76 MB
        Both:  8.95 MB

MaxMetaspaceSize: unlimited
CompressedClassSpaceSize: 1.00 GB
Initial GC threshold: 21.00 MB
Current GC threshold: 91.56 MB
CDS: off
MetaspaceReclaimPolicy: balanced
 - commit_granule_bytes: 65536.
 - commit_granule_words: 8192.
 - virtual_space_node_default_size: 8388608.
 - enlarge_chunks_in_place: 1.
 - new_chunks_are_fully_committed: 0.
 - uncommit_free_chunks: 1.
 - use_allocation_guard: 0.
 - handle_deallocations: 1.


Internal statistics:

num_allocs_failed_limit: 8.
num_arena_births: 662.
num_arena_deaths: 234.
num_vsnodes_births: 2.
num_vsnodes_deaths: 0.
num_space_committed: 879.
num_space_uncommitted: 0.
num_chunks_returned_to_freelist: 287.
num_chunks_taken_from_freelist: 2468.
num_chunk_merges: 86.
num_chunk_splits: 1624.
num_chunks_enlarged: 1216.
num_inconsistent_stats: 0.

CodeCache: size=49152Kb used=12957Kb max_used=14252Kb free=36194Kb
 bounds [0x000001bc1fd90000, 0x000001bc20b80000, 0x000001bc22d90000]
 total_blobs=7595 nmethods=6940 adapters=582
 compilation: enabled
              stopped_count=0, restarted_count=0
 full_count=0

Compilation events (20 events):
Event: 5063.426 Thread 0x000001bc2e56aa00 6931       1       java.lang.String::lastIndexOf (104 bytes)
Event: 5063.426 Thread 0x000001bc2886b900 6932       1       java.nio.CharBuffer::allocate (20 bytes)
Event: 5063.427 Thread 0x000001bc2e56aa00 nmethod 6931 0x000001bc20116590 code [0x000001bc20116760, 0x000001bc20116988]
Event: 5063.427 Thread 0x000001bc2886b900 nmethod 6932 0x000001bc20115f90 code [0x000001bc20116140, 0x000001bc201163f8]
Event: 5063.427 Thread 0x000001bc2e56aa00 6933       1       java.nio.HeapCharBuffer::<init> (21 bytes)
Event: 5063.427 Thread 0x000001bc2886b900 6934       1       java.nio.CharBuffer::flip (7 bytes)
Event: 5063.427 Thread 0x000001bc2886b900 nmethod 6934 0x000001bc20115c90 code [0x000001bc20115e20, 0x000001bc20115ef8]
Event: 5063.427 Thread 0x000001bc2e56aa00 nmethod 6933 0x000001bc20115810 code [0x000001bc201159a0, 0x000001bc20115bc8]
Event: 5063.427 Thread 0x000001bc2886b900 6935       1       java.util.TreeMap::buildFromSorted (218 bytes)
Event: 5063.428 Thread 0x000001bc2886b900 nmethod 6935 0x000001bc20114c10 code [0x000001bc20114e40, 0x000001bc20115518]
Event: 5063.434 Thread 0x000001bc2e56aa00 6936       1       jdk.internal.reflect.UnsafeQualifiedIntegerFieldAccessorImpl::get (9 bytes)
Event: 5063.434 Thread 0x000001bc2886b900 6937       1       jdk.internal.reflect.UnsafeQualifiedIntegerFieldAccessorImpl::getInt (17 bytes)
Event: 5063.434 Thread 0x000001bc2886b900 nmethod 6937 0x000001bc20114590 code [0x000001bc20114760, 0x000001bc201149d8]
Event: 5063.434 Thread 0x000001bc2e56aa00 nmethod 6936 0x000001bc20113e10 code [0x000001bc20113fe0, 0x000001bc20114318]
Event: 5067.185 Thread 0x000001bc2e56aa00 6938       1       java.util.Hashtable::<init> (8 bytes)
Event: 5067.185 Thread 0x000001bc2e56aa00 nmethod 6938 0x000001bc20113b10 code [0x000001bc20113cc0, 0x000001bc20113da8]
Event: 5067.187 Thread 0x000001bc2e56aa00 6939       1       java.net.URI::isAbsolute (13 bytes)
Event: 5067.188 Thread 0x000001bc2e56aa00 nmethod 6939 0x000001bc20113810 code [0x000001bc201139a0, 0x000001bc20113a78]
Event: 5120.518 Thread 0x000001bc2886b900 6940       1       java.lang.System::getProperty (26 bytes)
Event: 5120.519 Thread 0x000001bc2886b900 nmethod 6940 0x000001bc20112f90 code [0x000001bc201131a0, 0x000001bc20113588]

GC Heap History (20 events):
Event: 4999.396 GC heap before
{Heap before GC invocations=204 (full 179):
 garbage-first heap   total 73728K, used 28962K [0x00000000c0000000, 0x0000000100000000)
  region size 1024K, 1 young (1024K), 0 survivors (0K)
 Metaspace       used 55517K, committed 56000K, reserved 1114112K
  class space    used 7054K, committed 7296K, reserved 1048576K
}
Event: 4999.417 GC heap after
{Heap after GC invocations=205 (full 180):
 garbage-first heap   total 73728K, used 28962K [0x00000000c0000000, 0x0000000100000000)
  region size 1024K, 0 young (0K), 0 survivors (0K)
 Metaspace       used 55517K, committed 56000K, reserved 1114112K
  class space    used 7054K, committed 7296K, reserved 1048576K
}
Event: 5009.533 GC heap before
{Heap before GC invocations=205 (full 180):
 garbage-first heap   total 73728K, used 28962K [0x00000000c0000000, 0x0000000100000000)
  region size 1024K, 1 young (1024K), 0 survivors (0K)
 Metaspace       used 55517K, committed 56000K, reserved 1114112K
  class space    used 7054K, committed 7296K, reserved 1048576K
}
Event: 5009.555 GC heap after
{Heap after GC invocations=206 (full 181):
 garbage-first heap   total 73728K, used 28962K [0x00000000c0000000, 0x0000000100000000)
  region size 1024K, 0 young (0K), 0 survivors (0K)
 Metaspace       used 55517K, committed 56000K, reserved 1114112K
  class space    used 7054K, committed 7296K, reserved 1048576K
}
Event: 5019.669 GC heap before
{Heap before GC invocations=206 (full 181):
 garbage-first heap   total 73728K, used 28962K [0x00000000c0000000, 0x0000000100000000)
  region size 1024K, 1 young (1024K), 0 survivors (0K)
 Metaspace       used 55517K, committed 56000K, reserved 1114112K
  class space    used 7054K, committed 7296K, reserved 1048576K
}
Event: 5019.691 GC heap after
{Heap after GC invocations=207 (full 182):
 garbage-first heap   total 73728K, used 28961K [0x00000000c0000000, 0x0000000100000000)
  region size 1024K, 0 young (0K), 0 survivors (0K)
 Metaspace       used 55517K, committed 56000K, reserved 1114112K
  class space    used 7054K, committed 7296K, reserved 1048576K
}
Event: 5029.796 GC heap before
{Heap before GC invocations=207 (full 182):
 garbage-first heap   total 73728K, used 28961K [0x00000000c0000000, 0x0000000100000000)
  region size 1024K, 1 young (1024K), 0 survivors (0K)
 Metaspace       used 55517K, committed 56000K, reserved 1114112K
  class space    used 7054K, committed 7296K, reserved 1048576K
}
Event: 5029.818 GC heap after
{Heap after GC invocations=208 (full 183):
 garbage-first heap   total 73728K, used 28961K [0x00000000c0000000, 0x0000000100000000)
  region size 1024K, 0 young (0K), 0 survivors (0K)
 Metaspace       used 55517K, committed 56000K, reserved 1114112K
  class space    used 7054K, committed 7296K, reserved 1048576K
}
Event: 5039.928 GC heap before
{Heap before GC invocations=208 (full 183):
 garbage-first heap   total 73728K, used 28961K [0x00000000c0000000, 0x0000000100000000)
  region size 1024K, 1 young (1024K), 0 survivors (0K)
 Metaspace       used 55517K, committed 56000K, reserved 1114112K
  class space    used 7054K, committed 7296K, reserved 1048576K
}
Event: 5039.950 GC heap after
{Heap after GC invocations=209 (full 184):
 garbage-first heap   total 73728K, used 28961K [0x00000000c0000000, 0x0000000100000000)
  region size 1024K, 0 young (0K), 0 survivors (0K)
 Metaspace       used 55517K, committed 56000K, reserved 1114112K
  class space    used 7054K, committed 7296K, reserved 1048576K
}
Event: 5050.053 GC heap before
{Heap before GC invocations=209 (full 184):
 garbage-first heap   total 73728K, used 28961K [0x00000000c0000000, 0x0000000100000000)
  region size 1024K, 1 young (1024K), 0 survivors (0K)
 Metaspace       used 55517K, committed 56000K, reserved 1114112K
  class space    used 7054K, committed 7296K, reserved 1048576K
}
Event: 5050.076 GC heap after
{Heap after GC invocations=210 (full 185):
 garbage-first heap   total 73728K, used 28961K [0x00000000c0000000, 0x0000000100000000)
  region size 1024K, 0 young (0K), 0 survivors (0K)
 Metaspace       used 55517K, committed 56000K, reserved 1114112K
  class space    used 7054K, committed 7296K, reserved 1048576K
}
Event: 5060.186 GC heap before
{Heap before GC invocations=210 (full 185):
 garbage-first heap   total 73728K, used 28961K [0x00000000c0000000, 0x0000000100000000)
  region size 1024K, 1 young (1024K), 0 survivors (0K)
 Metaspace       used 55517K, committed 56000K, reserved 1114112K
  class space    used 7054K, committed 7296K, reserved 1048576K
}
Event: 5060.210 GC heap after
{Heap after GC invocations=211 (full 186):
 garbage-first heap   total 73728K, used 28961K [0x00000000c0000000, 0x0000000100000000)
  region size 1024K, 0 young (0K), 0 survivors (0K)
 Metaspace       used 55517K, committed 56000K, reserved 1114112K
  class space    used 7054K, committed 7296K, reserved 1048576K
}
Event: 5063.255 GC heap before
{Heap before GC invocations=211 (full 186):
 garbage-first heap   total 73728K, used 54561K [0x00000000c0000000, 0x0000000100000000)
  region size 1024K, 25 young (25600K), 0 survivors (0K)
 Metaspace       used 55707K, committed 56128K, reserved 1114112K
  class space    used 7090K, committed 7296K, reserved 1048576K
}
Event: 5063.258 GC heap after
{Heap after GC invocations=212 (full 186):
 garbage-first heap   total 73728K, used 32816K [0x00000000c0000000, 0x0000000100000000)
  region size 1024K, 4 young (4096K), 4 survivors (4096K)
 Metaspace       used 55707K, committed 56128K, reserved 1114112K
  class space    used 7090K, committed 7296K, reserved 1048576K
}
Event: 5100.348 GC heap before
{Heap before GC invocations=212 (full 186):
 garbage-first heap   total 73728K, used 41008K [0x00000000c0000000, 0x0000000100000000)
  region size 1024K, 13 young (13312K), 4 survivors (4096K)
 Metaspace       used 55828K, committed 56256K, reserved 1114112K
  class space    used 7115K, committed 7296K, reserved 1048576K
}
Event: 5100.366 GC heap after
{Heap after GC invocations=213 (full 187):
 garbage-first heap   total 73728K, used 29974K [0x00000000c0000000, 0x0000000100000000)
  region size 1024K, 0 young (0K), 0 survivors (0K)
 Metaspace       used 55828K, committed 56256K, reserved 1114112K
  class space    used 7115K, committed 7296K, reserved 1048576K
}
Event: 5110.484 GC heap before
{Heap before GC invocations=213 (full 187):
 garbage-first heap   total 73728K, used 29974K [0x00000000c0000000, 0x0000000100000000)
  region size 1024K, 1 young (1024K), 0 survivors (0K)
 Metaspace       used 55828K, committed 56256K, reserved 1114112K
  class space    used 7115K, committed 7296K, reserved 1048576K
}
Event: 5110.508 GC heap after
{Heap after GC invocations=214 (full 188):
 garbage-first heap   total 73728K, used 25343K [0x00000000c0000000, 0x0000000100000000)
  region size 1024K, 0 young (0K), 0 survivors (0K)
 Metaspace       used 55828K, committed 56256K, reserved 1114112K
  class space    used 7115K, committed 7296K, reserved 1048576K
}

Dll operation events (9 events):
Event: 0.010 Loaded shared library c:\Users\Ahmed Iftekher\.vscode\extensions\redhat.java-1.22.1-win32-x64\jre\17.0.8.1-win32-x86_64\bin\java.dll
Event: 0.291 Loaded shared library C:\Users\Ahmed Iftekher\.vscode\extensions\redhat.java-1.22.1-win32-x64\jre\17.0.8.1-win32-x86_64\bin\net.dll
Event: 0.297 Loaded shared library C:\Users\Ahmed Iftekher\.vscode\extensions\redhat.java-1.22.1-win32-x64\jre\17.0.8.1-win32-x86_64\bin\nio.dll
Event: 1.543 Loaded shared library C:\Users\Ahmed Iftekher\.vscode\extensions\redhat.java-1.22.1-win32-x64\jre\17.0.8.1-win32-x86_64\bin\zip.dll
Event: 8.019 Loaded shared library C:\Users\Ahmed Iftekher\.vscode\extensions\redhat.java-1.22.1-win32-x64\jre\17.0.8.1-win32-x86_64\bin\jimage.dll
Event: 13.109 Loaded shared library c:\Users\Ahmed Iftekher\.vscode\extensions\redhat.java-1.22.1-win32-x64\jre\17.0.8.1-win32-x86_64\bin\verify.dll
Event: 14.415 Loaded shared library C:\Users\Ahmed Iftekher\.vscode\extensions\redhat.java-1.22.1-win32-x64\jre\17.0.8.1-win32-x86_64\bin\management.dll
Event: 14.435 Loaded shared library C:\Users\Ahmed Iftekher\.vscode\extensions\redhat.java-1.22.1-win32-x64\jre\17.0.8.1-win32-x86_64\bin\management_ext.dll
Event: 15.848 Loaded shared library C:\Users\Ahmed Iftekher\.vscode\extensions\redhat.java-1.22.1-win32-x64\jre\17.0.8.1-win32-x86_64\bin\sunmscapi.dll

Deoptimization events (20 events):
Event: 16.374 Thread 0x000001bc2e3e3f00 DEOPT PACKING pc=0x000001bc2079e1ee sp=0x0000000aecffe210
Event: 16.374 Thread 0x000001bc2e3e3f00 DEOPT UNPACKING pc=0x000001bc1fdeace3 sp=0x0000000aecffd708 mode 3
Event: 16.979 Thread 0x000001bc2e3e3f00 DEOPT PACKING pc=0x000001bc208641f8 sp=0x0000000aecffcd50
Event: 16.979 Thread 0x000001bc2e3e3f00 DEOPT UNPACKING pc=0x000001bc1fdeace3 sp=0x0000000aecffc208 mode 3
Event: 16.979 Thread 0x000001bc2e3e3f00 DEOPT PACKING pc=0x000001bc20862504 sp=0x0000000aecffcc60
Event: 16.979 Thread 0x000001bc2e3e3f00 DEOPT UNPACKING pc=0x000001bc1fdeace3 sp=0x0000000aecffc140 mode 3
Event: 17.010 Thread 0x000001bc2e3e3f00 DEOPT PACKING pc=0x000001bc208a82cf sp=0x0000000aecffdde0
Event: 17.010 Thread 0x000001bc2e3e3f00 DEOPT UNPACKING pc=0x000001bc1fdeace3 sp=0x0000000aecffd2d0 mode 3
Event: 17.611 Thread 0x000001bc2e3e3f00 DEOPT PACKING pc=0x000001bc2094258c sp=0x0000000aecffe770
Event: 17.611 Thread 0x000001bc2e3e3f00 DEOPT UNPACKING pc=0x000001bc1fdeace3 sp=0x0000000aecffdcf0 mode 0
Event: 17.611 Thread 0x000001bc2e3e3f00 DEOPT PACKING pc=0x000001bc2094258c sp=0x0000000aecffe9d0
Event: 17.611 Thread 0x000001bc2e3e3f00 DEOPT UNPACKING pc=0x000001bc1fdeace3 sp=0x0000000aecffdf50 mode 0
Event: 17.615 Thread 0x000001bc2e3e3f00 DEOPT PACKING pc=0x000001bc2094258c sp=0x0000000aecffee20
Event: 17.615 Thread 0x000001bc2e3e3f00 DEOPT UNPACKING pc=0x000001bc1fdeace3 sp=0x0000000aecffe3a0 mode 0
Event: 276.353 Thread 0x000001bc2e3c7020 DEOPT PACKING pc=0x000001bc2041d3d4 sp=0x0000000aec9fed40
Event: 276.353 Thread 0x000001bc2e3c7020 DEOPT UNPACKING pc=0x000001bc1fdeace3 sp=0x0000000aec9fe1c8 mode 0
Event: 319.524 Thread 0x000001bc371f6740 DEOPT PACKING pc=0x000001bc2007afa0 sp=0x0000000aeb9fd3a0
Event: 319.524 Thread 0x000001bc371f6740 DEOPT UNPACKING pc=0x000001bc1fdeace3 sp=0x0000000aeb9fc820 mode 3
Event: 5062.750 Thread 0x000001bc2e3e3f00 DEOPT PACKING pc=0x000001bc2003be36 sp=0x0000000aecffda50
Event: 5062.750 Thread 0x000001bc2e3e3f00 DEOPT UNPACKING pc=0x000001bc1fdeace3 sp=0x0000000aecffcf48 mode 3

Classes unloaded (20 events):
Event: 74.932 Thread 0x000001bc286ee030 Unloading class 0x0000000100088c00 'java/lang/invoke/LambdaForm$MH+0x0000000100088c00'
Event: 74.932 Thread 0x000001bc286ee030 Unloading class 0x0000000100088400 'java/lang/invoke/LambdaForm$MH+0x0000000100088400'
Event: 368.584 Thread 0x000001bc286ee030 Unloading class 0x00000001003a2c00 'java/lang/invoke/LambdaForm$MH+0x00000001003a2c00'
Event: 368.584 Thread 0x000001bc286ee030 Unloading class 0x00000001003ac800 'java/lang/invoke/LambdaForm$MH+0x00000001003ac800'
Event: 368.584 Thread 0x000001bc286ee030 Unloading class 0x0000000100504400 'java/lang/invoke/LambdaForm$MH+0x0000000100504400'
Event: 368.584 Thread 0x000001bc286ee030 Unloading class 0x0000000100534c00 'java/lang/invoke/LambdaForm$MH+0x0000000100534c00'
Event: 368.584 Thread 0x000001bc286ee030 Unloading class 0x0000000100538000 'java/lang/invoke/LambdaForm$MH+0x0000000100538000'
Event: 368.584 Thread 0x000001bc286ee030 Unloading class 0x0000000100539000 'java/lang/invoke/LambdaForm$MH+0x0000000100539000'
Event: 368.584 Thread 0x000001bc286ee030 Unloading class 0x00000001005a1000 'java/lang/invoke/LambdaForm$MH+0x00000001005a1000'
Event: 368.584 Thread 0x000001bc286ee030 Unloading class 0x00000001006a2c00 'java/lang/invoke/LambdaForm$MH+0x00000001006a2c00'
Event: 378.796 Thread 0x000001bc286ee030 Unloading class 0x000000010039cc00 'java/lang/invoke/LambdaForm$MH+0x000000010039cc00'
Event: 378.796 Thread 0x000001bc286ee030 Unloading class 0x000000010039d400 'java/lang/invoke/LambdaForm$MH+0x000000010039d400'
Event: 378.796 Thread 0x000001bc286ee030 Unloading class 0x00000001003a8400 'java/lang/invoke/LambdaForm$MH+0x00000001003a8400'
Event: 378.796 Thread 0x000001bc286ee030 Unloading class 0x0000000100426000 'java/lang/invoke/LambdaForm$MH+0x0000000100426000'
Event: 378.796 Thread 0x000001bc286ee030 Unloading class 0x000000010052c000 'java/lang/invoke/LambdaForm$MH+0x000000010052c000'
Event: 378.796 Thread 0x000001bc286ee030 Unloading class 0x0000000100088400 'java/lang/invoke/LambdaForm$MH+0x0000000100088400'
Event: 378.796 Thread 0x000001bc286ee030 Unloading class 0x0000000100088c00 'java/lang/invoke/LambdaForm$MH+0x0000000100088c00'
Event: 378.796 Thread 0x000001bc286ee030 Unloading class 0x0000000100089400 'java/lang/invoke/LambdaForm$MH+0x0000000100089400'
Event: 378.796 Thread 0x000001bc286ee030 Unloading class 0x0000000100089c00 'java/lang/invoke/LambdaForm$MH+0x0000000100089c00'
Event: 378.796 Thread 0x000001bc286ee030 Unloading class 0x00000001006a3000 'java/lang/invoke/LambdaForm$MH+0x00000001006a3000'

Classes redefined (0 events):
No events

Internal exceptions (20 events):
Event: 17.656 Thread 0x000001bc2e3e3f00 Exception <a 'sun/nio/fs/WindowsException'{0x00000000c3a06620}> (0x00000000c3a06620) 
thrown [s\src\hotspot\share\prims\jni.cpp, line 516]
Event: 17.657 Thread 0x000001bc2e3e3f00 Exception <a 'sun/nio/fs/WindowsException'{0x00000000c3a06f48}> (0x00000000c3a06f48) 
thrown [s\src\hotspot\share\prims\jni.cpp, line 516]
Event: 17.657 Thread 0x000001bc2e3e3f00 Exception <a 'sun/nio/fs/WindowsException'{0x00000000c3a07850}> (0x00000000c3a07850) 
thrown [s\src\hotspot\share\prims\jni.cpp, line 516]
Event: 17.657 Thread 0x000001bc2e3e3f00 Exception <a 'sun/nio/fs/WindowsException'{0x00000000c3a08178}> (0x00000000c3a08178) 
thrown [s\src\hotspot\share\prims\jni.cpp, line 516]
Event: 17.657 Thread 0x000001bc2e3e3f00 Exception <a 'sun/nio/fs/WindowsException'{0x00000000c3a08ba0}> (0x00000000c3a08ba0) 
thrown [s\src\hotspot\share\prims\jni.cpp, line 516]
Event: 17.657 Thread 0x000001bc2e3e3f00 Exception <a 'sun/nio/fs/WindowsException'{0x00000000c3a09630}> (0x00000000c3a09630) 
thrown [s\src\hotspot\share\prims\jni.cpp, line 516]
Event: 17.658 Thread 0x000001bc2e3e3f00 Exception <a 'sun/nio/fs/WindowsException'{0x00000000c3a108f8}> (0x00000000c3a108f8) 
thrown [s\src\hotspot\share\prims\jni.cpp, line 516]
Event: 17.658 Thread 0x000001bc2e3e3f00 Exception <a 'sun/nio/fs/WindowsException'{0x00000000c3a11220}> (0x00000000c3a11220) 
thrown [s\src\hotspot\share\prims\jni.cpp, line 516]
Event: 17.658 Thread 0x000001bc2e3e3f00 Exception <a 'sun/nio/fs/WindowsException'{0x00000000c3a11b28}> (0x00000000c3a11b28) 
thrown [s\src\hotspot\share\prims\jni.cpp, line 516]
Event: 17.658 Thread 0x000001bc2e3e3f00 Exception <a 'sun/nio/fs/WindowsException'{0x00000000c3a12450}> (0x00000000c3a12450) 
thrown [s\src\hotspot\share\prims\jni.cpp, line 516]
Event: 17.658 Thread 0x000001bc2e3e3f00 Exception <a 'sun/nio/fs/WindowsException'{0x00000000c3a12e78}> (0x00000000c3a12e78) 
thrown [s\src\hotspot\share\prims\jni.cpp, line 516]
Event: 17.658 Thread 0x000001bc2e3e3f00 Exception <a 'sun/nio/fs/WindowsException'{0x00000000c3a13908}> (0x00000000c3a13908) 
thrown [s\src\hotspot\share\prims\jni.cpp, line 516]
Event: 17.683 Thread 0x000001bc2e3e3f00 Exception <a 'sun/nio/fs/WindowsException'{0x00000000c3a4ab78}> (0x00000000c3a4ab78) 
thrown [s\src\hotspot\share\prims\jni.cpp, line 516]
Event: 54.405 Thread 0x000001bc2e1ff590 Exception <a 'java/lang/NoSuchMethodError'{0x00000000c3ef8c18}: 'void java.lang.invoke.DirectMethodHandle$Holder.invokeStatic(java.lang.Object, long)'> (0x00000000c3ef8c18) 
thrown [s\src\hotspot\share\interpreter\linkResolver.cpp, line 759]
Event: 54.405 Thread 0x000001bc2e1ff590 Exception <a 'java/lang/NoSuchMethodError'{0x00000000c3efdfc0}: 'java.lang.Object java.lang.invoke.DirectMethodHandle$Holder.newInvokeSpecial(java.lang.Object, long)'> (0x00000000c3efdfc0) 
thrown [s\src\hotspot\share\interpreter\linkResolver.cpp, line 759]
Event: 319.373 Thread 0x000001bc2e3c7020 Exception <a 'java/lang/NoSuchMethodError'{0x00000000c5f1e478}: 'java.lang.Object java.lang.invoke.DirectMethodHandle$Holder.invokeStatic(java.lang.Object, java.lang.Object, java.lang.Object, int, java.lang.Object, java.lang.Object)'> (0x00000000c5f1e478) 
thrown [s\src\hotspot\share\interpreter\linkResolver.cpp, line 759]
Event: 319.524 Thread 0x000001bc371f6740 Implicit null exception at 0x000001bc2007ad5a to 0x000001bc2007af9b
Event: 319.904 Thread 0x000001bc371fb840 Exception <a 'java/lang/NoSuchMethodError'{0x00000000c407f658}: 'java.lang.Object java.lang.invoke.DirectMethodHandle$Holder.newInvokeSpecial(java.lang.Object, java.lang.Object, java.lang.Object, java.lang.Object, java.lang.Object, long)'> (0x00000000c407f658) 
thrown [s\src\hotspot\share\interpreter\linkResolver.cpp, line 759]
Event: 319.904 Thread 0x000001bc371fb840 Exception <a 'java/lang/NoSuchMethodError'{0x00000000c4083cc8}: 'java.lang.Object java.lang.invoke.DirectMethodHandle$Holder.invokeSpecial(java.lang.Object, java.lang.Object, java.lang.Object, java.lang.Object, java.lang.Object, java.lang.Object, long)'> (0x00000000c4083cc8) 
thrown [s\src\hotspot\share\interpreter\linkResolver.cpp, line 759]
Event: 5062.750 Thread 0x000001bc2e3e3f00 Implicit null exception at 0x000001bc2003b2e2 to 0x000001bc2003be31

VM Operations (20 events):
Event: 5039.950 Executing VM operation: G1CollectFull done
Event: 5050.053 Executing VM operation: G1CollectFull
Event: 5050.076 Executing VM operation: G1CollectFull done
Event: 5060.186 Executing VM operation: G1CollectFull
Event: 5060.211 Executing VM operation: G1CollectFull done
Event: 5063.034 Executing VM operation: HandshakeAllThreads
Event: 5063.034 Executing VM operation: HandshakeAllThreads done
Event: 5063.034 Executing VM operation: Cleanup
Event: 5063.035 Executing VM operation: Cleanup done
Event: 5063.037 Executing VM operation: HandshakeAllThreads
Event: 5063.037 Executing VM operation: HandshakeAllThreads done
Event: 5063.255 Executing VM operation: G1CollectForAllocation
Event: 5063.258 Executing VM operation: G1CollectForAllocation done
Event: 5065.254 Executing VM operation: Cleanup
Event: 5065.254 Executing VM operation: Cleanup done
Event: 5100.347 Executing VM operation: G1CollectFull
Event: 5100.366 Executing VM operation: G1CollectFull done
Event: 5110.484 Executing VM operation: G1CollectFull
Event: 5110.508 Executing VM operation: G1CollectFull done
Event: 5120.635 Executing VM operation: G1CollectFull

Events (20 events):
Event: 4318.267 Thread 0x000001bc2e56e040 Thread exited: 0x000001bc2e56e040
Event: 4318.267 Thread 0x000001bc2e570860 Thread exited: 0x000001bc2e570860
Event: 4323.272 Thread 0x000001bc3719ca80 Thread exited: 0x000001bc3719ca80
Event: 4463.133 Thread 0x000001bc2e570860 Thread added: 0x000001bc2e570860
Event: 4463.133 Thread 0x000001bc2e56e040 Thread added: 0x000001bc2e56e040
Event: 4468.135 Thread 0x000001bc2e56e040 Thread exited: 0x000001bc2e56e040
Event: 4468.135 Thread 0x000001bc2e570860 Thread exited: 0x000001bc2e570860
Event: 4523.136 Thread 0x000001bc371f6740 Thread exited: 0x000001bc371f6740
Event: 4528.518 Thread 0x000001bc371fd190 Thread added: 0x000001bc371fd190
Event: 4643.760 Thread 0x000001bc2e56a5f0 Thread added: 0x000001bc2e56a5f0
Event: 4643.760 Thread 0x000001bc2e56e040 Thread added: 0x000001bc2e56e040
Event: 4643.760 Thread 0x000001bc2e56e560 Thread added: 0x000001bc2e56e560
Event: 4648.763 Thread 0x000001bc2e56e560 Thread exited: 0x000001bc2e56e560
Event: 4653.764 Thread 0x000001bc2e56e040 Thread exited: 0x000001bc2e56e040
Event: 4658.779 Thread 0x000001bc2e56a5f0 Thread exited: 0x000001bc2e56a5f0
Event: 4863.257 Thread 0x000001bc371fd190 Thread exited: 0x000001bc371fd190
Event: 4869.944 Thread 0x000001bc371f5d20 Thread added: 0x000001bc371f5d20
Event: 5018.566 Thread 0x000001bc371f5d20 Thread exited: 0x000001bc371f5d20
Event: 5063.053 Thread 0x000001bc2e56aa00 Thread added: 0x000001bc2e56aa00
Event: 5072.193 Thread 0x000001bc2e56aa00 Thread exited: 0x000001bc2e56aa00


Dynamic libraries:
0x00007ff693a80000 - 0x00007ff693a8e000 	c:\Users\Ahmed Iftekher\.vscode\extensions\redhat.java-1.22.1-win32-x64\jre\17.0.8.1-win32-x86_64\bin\java.exe
0x00007ff9cfa30000 - 0x00007ff9cfc28000 	C:\Windows\SYSTEM32\ntdll.dll
0x00007ff9cebc0000 - 0x00007ff9cec7d000 	C:\Windows\System32\KERNEL32.DLL
0x00007ff9cd6b0000 - 0x00007ff9cd9a6000 	C:\Windows\System32\KERNELBASE.dll
0x00007ff9cd1a0000 - 0x00007ff9cd2a0000 	C:\Windows\System32\ucrtbase.dll
0x00007ff9c41c0000 - 0x00007ff9c41d7000 	c:\Users\Ahmed Iftekher\.vscode\extensions\redhat.java-1.22.1-win32-x64\jre\17.0.8.1-win32-x86_64\bin\jli.dll
0x00007ff9c4160000 - 0x00007ff9c4179000 	c:\Users\Ahmed Iftekher\.vscode\extensions\redhat.java-1.22.1-win32-x64\jre\17.0.8.1-win32-x86_64\bin\VCRUNTIME140.dll
0x00007ff9cf850000 - 0x00007ff9cf9ee000 	C:\Windows\System32\USER32.dll
0x00007ff9cd340000 - 0x00007ff9cd362000 	C:\Windows\System32\win32u.dll
0x00007ff9be380000 - 0x00007ff9be61a000 	C:\Windows\WinSxS\amd64_microsoft.windows.common-controls_6595b64144ccf1df_6.0.19041.1110_none_60b5254171f9507e\COMCTL32.dll
0x00007ff9ce830000 - 0x00007ff9ce85c000 	C:\Windows\System32\GDI32.dll
0x00007ff9cdc10000 - 0x00007ff9cdcae000 	C:\Windows\System32\msvcrt.dll
0x00007ff9cd540000 - 0x00007ff9cd65a000 	C:\Windows\System32\gdi32full.dll
0x00007ff9cd2a0000 - 0x00007ff9cd33d000 	C:\Windows\System32\msvcp_win.dll
0x00007ff9cdcb0000 - 0x00007ff9cdce0000 	C:\Windows\System32\IMM32.DLL
0x00007ff9c50e0000 - 0x00007ff9c50ec000 	c:\Users\Ahmed Iftekher\.vscode\extensions\redhat.java-1.22.1-win32-x64\jre\17.0.8.1-win32-x86_64\bin\vcruntime140_1.dll
0x00007ff9a20e0000 - 0x00007ff9a2171000 	c:\Users\Ahmed Iftekher\.vscode\extensions\redhat.java-1.22.1-win32-x64\jre\17.0.8.1-win32-x86_64\bin\msvcp140.dll
0x00007ff98e5e0000 - 0x00007ff98f22c000 	c:\Users\Ahmed Iftekher\.vscode\extensions\redhat.java-1.22.1-win32-x64\jre\17.0.8.1-win32-x86_64\bin\server\jvm.dll
0x00007ff9ce150000 - 0x00007ff9ce1fe000 	C:\Windows\System32\ADVAPI32.dll
0x00007ff9cdce0000 - 0x00007ff9cdd7c000 	C:\Windows\System32\sechost.dll
0x00007ff9cdd80000 - 0x00007ff9cdea6000 	C:\Windows\System32\RPCRT4.dll
0x00007ff9c5010000 - 0x00007ff9c5019000 	C:\Windows\SYSTEM32\WSOCK32.dll
0x00007ff9bc910000 - 0x00007ff9bc937000 	C:\Windows\SYSTEM32\WINMM.dll
0x00007ff9ce260000 - 0x00007ff9ce2cb000 	C:\Windows\System32\WS2_32.dll
0x00007ff9c6d10000 - 0x00007ff9c6d1a000 	C:\Windows\SYSTEM32\VERSION.dll
0x00007ff9cc690000 - 0x00007ff9cc6db000 	C:\Windows\SYSTEM32\POWRPROF.dll
0x00007ff9cc500000 - 0x00007ff9cc512000 	C:\Windows\SYSTEM32\UMPDC.dll
0x00007ff9cb8f0000 - 0x00007ff9cb902000 	C:\Windows\SYSTEM32\kernel.appcore.dll
0x00007ff9c4c00000 - 0x00007ff9c4c0a000 	c:\Users\Ahmed Iftekher\.vscode\extensions\redhat.java-1.22.1-win32-x64\jre\17.0.8.1-win32-x86_64\bin\jimage.dll
0x00007ff9cae60000 - 0x00007ff9cb044000 	C:\Windows\SYSTEM32\DBGHELP.DLL
0x00007ff9c5a50000 - 0x00007ff9c5a84000 	C:\Windows\SYSTEM32\dbgcore.DLL
0x00007ff9cd110000 - 0x00007ff9cd192000 	C:\Windows\System32\bcryptPrimitives.dll
0x00007ff9bafc0000 - 0x00007ff9bafe5000 	c:\Users\Ahmed Iftekher\.vscode\extensions\redhat.java-1.22.1-win32-x64\jre\17.0.8.1-win32-x86_64\bin\java.dll
0x00007ff9bde60000 - 0x00007ff9bde78000 	c:\Users\Ahmed Iftekher\.vscode\extensions\redhat.java-1.22.1-win32-x64\jre\17.0.8.1-win32-x86_64\bin\zip.dll
0x00007ff9ced00000 - 0x00007ff9cf445000 	C:\Windows\System32\SHELL32.dll
0x00007ff9cb140000 - 0x00007ff9cb8db000 	C:\Windows\SYSTEM32\windows.storage.dll
0x00007ff9ce860000 - 0x00007ff9cebb4000 	C:\Windows\System32\combase.dll
0x00007ff9ccb50000 - 0x00007ff9ccb7e000 	C:\Windows\SYSTEM32\Wldp.dll
0x00007ff9ce0a0000 - 0x00007ff9ce14d000 	C:\Windows\System32\SHCORE.dll
0x00007ff9ce200000 - 0x00007ff9ce255000 	C:\Windows\System32\shlwapi.dll
0x00007ff9cd040000 - 0x00007ff9cd065000 	C:\Windows\SYSTEM32\profapi.dll
0x00007ff9bb2b0000 - 0x00007ff9bb2c9000 	C:\Users\Ahmed Iftekher\.vscode\extensions\redhat.java-1.22.1-win32-x64\jre\17.0.8.1-win32-x86_64\bin\net.dll
0x00007ff9c7630000 - 0x00007ff9c773a000 	C:\Windows\SYSTEM32\WINHTTP.dll
0x00007ff9cc870000 - 0x00007ff9cc8da000 	C:\Windows\system32\mswsock.dll
0x00007ff9baf30000 - 0x00007ff9baf45000 	C:\Users\Ahmed Iftekher\.vscode\extensions\redhat.java-1.22.1-win32-x64\jre\17.0.8.1-win32-x86_64\bin\nio.dll
0x00007ff9cca80000 - 0x00007ff9cca98000 	C:\Windows\SYSTEM32\CRYPTSP.dll
0x00007ff9cc110000 - 0x00007ff9cc144000 	C:\Windows\system32\rsaenh.dll
0x00007ff9cd9b0000 - 0x00007ff9cd9d7000 	C:\Windows\System32\bcrypt.dll
0x00007ff9cd000000 - 0x00007ff9cd02e000 	C:\Windows\SYSTEM32\USERENV.dll
0x00007ff9ccac0000 - 0x00007ff9ccacc000 	C:\Windows\SYSTEM32\CRYPTBASE.dll
0x00007ff9cc520000 - 0x00007ff9cc55b000 	C:\Windows\SYSTEM32\IPHLPAPI.DLL
0x00007ff9cdaa0000 - 0x00007ff9cdaa8000 	C:\Windows\System32\NSI.dll
0x00007ff9c6cd0000 - 0x00007ff9c6ce7000 	C:\Windows\SYSTEM32\dhcpcsvc6.DLL
0x00007ff9c6f20000 - 0x00007ff9c6f3d000 	C:\Windows\SYSTEM32\dhcpcsvc.DLL
0x00007ff9cc570000 - 0x00007ff9cc63a000 	C:\Windows\SYSTEM32\DNSAPI.dll
0x00007ff9c34e0000 - 0x00007ff9c34f0000 	c:\Users\Ahmed Iftekher\.vscode\extensions\redhat.java-1.22.1-win32-x64\jre\17.0.8.1-win32-x86_64\bin\verify.dll
0x00007ff9c7390000 - 0x00007ff9c7399000 	C:\Users\Ahmed Iftekher\.vscode\extensions\redhat.java-1.22.1-win32-x64\jre\17.0.8.1-win32-x86_64\bin\management.dll
0x00007ff9c5110000 - 0x00007ff9c511b000 	C:\Users\Ahmed Iftekher\.vscode\extensions\redhat.java-1.22.1-win32-x64\jre\17.0.8.1-win32-x86_64\bin\management_ext.dll
0x00007ff9cda90000 - 0x00007ff9cda98000 	C:\Windows\System32\PSAPI.DLL
0x00007ff9c2540000 - 0x00007ff9c254e000 	C:\Users\Ahmed Iftekher\.vscode\extensions\redhat.java-1.22.1-win32-x64\jre\17.0.8.1-win32-x86_64\bin\sunmscapi.dll
0x00007ff9cd370000 - 0x00007ff9cd4ce000 	C:\Windows\System32\CRYPT32.dll
0x00007ff9ccbc0000 - 0x00007ff9ccbe8000 	C:\Windows\SYSTEM32\ncrypt.dll
0x00007ff9ccb80000 - 0x00007ff9ccbbb000 	C:\Windows\SYSTEM32\NTASN1.dll
0x00007ff9c4230000 - 0x00007ff9c423a000 	C:\Windows\System32\rasadhlp.dll
0x00007ff9c42e0000 - 0x00007ff9c4362000 	C:\Windows\System32\fwpuclnt.dll

dbghelp: loaded successfully - version: 4.0.5 - missing functions: none
symbol engine: initialized successfully - sym options: 0x614 - pdb path: .;c:\Users\Ahmed Iftekher\.vscode\extensions\redhat.java-1.22.1-win32-x64\jre\17.0.8.1-win32-x86_64\bin;C:\Windows\SYSTEM32;C:\Windows\WinSxS\amd64_microsoft.windows.common-controls_6595b64144ccf1df_6.0.19041.1110_none_60b5254171f9507e;c:\Users\Ahmed Iftekher\.vscode\extensions\redhat.java-1.22.1-win32-x64\jre\17.0.8.1-win32-x86_64\bin\server

VM Arguments:
jvm_args: -XX:+HeapDumpOnOutOfMemoryError -Xmx1024m -Dsts.lsp.client=vscode -Dsts.log.file=/dev/null -XX:TieredStopAtLevel=1 -Xlog:jni+resolve=off -Dspring.config.location=file:c:\Users\Ahmed Iftekher\.vscode\extensions\vmware.vscode-spring-boot-1.49.0\language-server\BOOT-INF\classes\application.properties 
java_command: org.springframework.ide.vscode.boot.app.BootLanguageServerBootApp
java_class_path (initial): c:\Users\Ahmed Iftekher\.vscode\extensions\vmware.vscode-spring-boot-1.49.0\language-server\BOOT-INF\classes;c:\Users\Ahmed Iftekher\.vscode\extensions\vmware.vscode-spring-boot-1.49.0\language-server\BOOT-INF\lib\annotations-24.0.1.jar;c:\Users\Ahmed Iftekher\.vscode\extensions\vmware.vscode-spring-boot-1.49.0\language-server\BOOT-INF\lib\antlr-runtime-3.5.3.jar;c:\Users\Ahmed Iftekher\.vscode\extensions\vmware.vscode-spring-boot-1.49.0\language-server\BOOT-INF\lib\antlr4-4.11.1.jar;c:\Users\Ahmed Iftekher\.vscode\extensions\vmware.vscode-spring-boot-1.49.0\language-server\BOOT-INF\lib\antlr4-runtime-4.11.1.jar;c:\Users\Ahmed Iftekher\.vscode\extensions\vmware.vscode-spring-boot-1.49.0\language-server\BOOT-INF\lib\archunit-1.1.0.jar;c:\Users\Ahmed Iftekher\.vscode\extensions\vmware.vscode-spring-boot-1.49.0\language-server\BOOT-INF\lib\asm-9.5.jar;c:\Users\Ahmed Iftekher\.vscode\extensions\vmware.vscode-spring-boot-1.49.0\language-server\BOOT-INF\lib\asm-analysis-9.5.jar;c:\Users\Ahmed Iftekher\.vscode\extensions\vmware.vscode-spring-boot-1.49.0\language-server\BOOT-INF\lib\asm-tree-9.5.jar;c:\Users\Ahmed Iftekher\.vscode\extensions\vmware.vscode-spring-boot-1.49.0\language-server\BOOT-INF\lib\asm-util-9.5.jar;c:\Users\Ahmed Iftekher\.vscode\extensions\vmware.vscode-spring-boot-1.49.0\language-server\BOOT-INF\lib\bosh-language-server-1.49.0-SNAPSHOT.jar;c:\Users\Ahmed Iftekher\.vscode\extensions\vmware.vscode-spring-boot-1.49.0\language-server\BOOT-INF\lib\caffeine-3.1.6.jar;c:\Users\Ahmed Iftekher\.vscode\extensions\vmware.vscode-spring-boot-1.49.0\language-server\BOOT-INF\lib\checker-qual-3.12.0.jar;c:\Users\Ahmed Iftekher\.vscode\extensions\vmware.vscode-spring-boot-1.49.0\language-server\BOOT-INF\lib\classgraph-4.8.149.jar;c:\Users\Ahmed Iftekher\.vscode\extensions\vmware.vscode-spring-boot-1.49.0\language-server\BOOT-INF\lib\commons-codec-1.15.jar;c:\Users\Ahmed Iftekher\.vscode\extensions\vmware.vscode-spring-boot-1.49.0\language-
Launcher Type: SUN_STANDARD

[Global flags]
     intx CICompilerCount                          = 4                                         {product} {ergonomic}
     uint ConcGCThreads                            = 2                                         {product} {ergonomic}
     uint G1ConcRefinementThreads                  = 8                                         {product} {ergonomic}
   size_t G1HeapRegionSize                         = 1048576                                   {product} {ergonomic}
    uintx GCDrainStackTargetSize                   = 64                                        {product} {ergonomic}
     bool HeapDumpOnOutOfMemoryError               = true                                   {manageable} {command line}
   size_t InitialHeapSize                          = 132120576                                 {product} {ergonomic}
   size_t MarkStackSize                            = 4194304                                   {product} {ergonomic}
   size_t MaxHeapSize                              = 1073741824                                {product} {command line}
   size_t MaxNewSize                               = 643825664                                 {product} {ergonomic}
   size_t MinHeapDeltaBytes                        = 1048576                                   {product} {ergonomic}
   size_t MinHeapSize                              = 8388608                                   {product} {ergonomic}
    uintx NonProfiledCodeHeapSize                  = 0                                      {pd product} {ergonomic}
     bool ProfileInterpreter                       = false                                  {pd product} {command line}
    uintx ProfiledCodeHeapSize                     = 0                                      {pd product} {ergonomic}
   size_t SoftMaxHeapSize                          = 1073741824                             {manageable} {ergonomic}
     intx TieredStopAtLevel                        = 1                                         {product} {command line}
     bool UseCompressedClassPointers               = true                           {product lp64_product} {ergonomic}
     bool UseCompressedOops                        = true                           {product lp64_product} {ergonomic}
     bool UseG1GC                                  = true                                      {product} {ergonomic}
     bool UseLargePagesIndividualAllocation        = false                                  {pd product} {ergonomic}

Logging:
Log output configuration:
 #0: stdout all=warning,jni+resolve=off uptime,level,tags
 #1: stderr all=off uptime,level,tags

Environment Variables:
JAVA_HOME=C:\Program Files\Java\jdk-20
PATH=C:\Program Files\Eclipse Adoptium\jdk-17.0.7.7-hotspot\bin;C:\Program Files\Common Files\Oracle\Java\javapath;C:\Windows\system32;C:\Windows;C:\Windows\System32\Wbem;C:\Windows\System32\WindowsPowerShell\v1.0\;C:\Windows\System32\OpenSSH\;C:\Program Files\nodejs\;C:\Program Files\Git\cmd;C:\Program Files\nodejs;C:\Users\Ahmed Iftekher\AppData\Local\Programs\Python\Python310;C:\Users\Ahmed Iftekher\AppData\Local\Programs\Python\Python310\Scripts;C:\Program Files (x86)\GnuWin32\bin;C:\MinGW\bin;C:\Program Files\Java\jdk-20\bin;C:\Program Files\Apache Software Foundation\Tomcat 9.0\bin;C:\Program Files\MySQL\MySQL Server 8.0\bin;C:\Program Files\MySQL\MySQL Shell 8.0\bin\;C:\Users\Ahmed Iftekher\AppData\Local\Programs\Python\Python310\Scripts\;C:\Users\Ahmed Iftekher\AppData\Local\Programs\Python\Python310\;C:\Users\Ahmed Iftekher\AppData\Local\Microsoft\WindowsApps;C:\Users\Ahmed Iftekher\AppData\Roaming\npm;C:\Users\Ahmed Iftekher\AppData\Local\Programs\Microsoft VS Code\bin;C:\Program Files (x86)\GnuWin32\bin;
USERNAME=Ahmed Iftekher
OS=Windows_NT
PROCESSOR_IDENTIFIER=Intel64 Family 6 Model 126 Stepping 5, GenuineIntel
TMP=C:\Users\AHMEDI~1\AppData\Local\Temp
TEMP=C:\Users\AHMEDI~1\AppData\Local\Temp



---------------  S Y S T E M  ---------------

OS:
 Windows 10 , 64 bit Build 19041 (10.0.19041.3393)
OS uptime: 4 days 14:02 hours
Hyper-V role detected

CPU: total 8 (initial active 8) (4 cores per cpu, 2 threads per core) family 6 model 126 stepping 5 microcode 0xbc, cx8, cmov, fxsr, ht, mmx, 3dnowpref, sse, sse2, sse3, ssse3, sse4.1, sse4.2, popcnt, lzcnt, tsc, tscinvbit, avx, avx2, aes, erms, clmul, bmi1, bmi2, adx, avx512f, avx512dq, avx512cd, avx512bw, avx512vl, sha, fma, vzeroupper, avx512_vpopcntdq, avx512_vpclmulqdq, avx512_vaes, avx512_vnni, clflush, clflushopt, avx512_vbmi2, avx512_vbmi, hv
Processor Information for all 8 processors :
  Max Mhz: 1498, Current Mhz: 1298, Mhz Limit: 1288

Memory: 4k page, system-wide physical 7959M (694M free)
TotalPageFile size 12055M (AvailPageFile size 8M)
current process WorkingSet (physical memory assigned to process): 153M, peak: 200M
current process commit charge ("private bytes"): 238M, peak: 249M

vm_info: OpenJDK 64-Bit Server VM (17.0.8.1+1) for windows-amd64 JRE (17.0.8.1+1), built on Aug 23 2023 15:29:17 by "admin" with MS VC++ 16.7 (VS2019)

END.
